<?xml version="1.0" encoding="UTF-8"?>
<testng-results ignored="0" total="2" passed="2" failed="0" skipped="0">
  <reporter-output>
  </reporter-output>
  <suite started-at="2024-02-25T23:33:50 MST" name="Default suite" finished-at="2024-02-25T23:34:01 MST" duration-ms="10806">
    <groups>
    </groups>
    <test started-at="2024-02-25T23:33:50 MST" name="Default test" finished-at="2024-02-25T23:34:01 MST" duration-ms="10806">
      <class name="com.ws.tests.TestLoginPage">
        <test-method signature="testHomePageTitle()[pri:1, instance:com.ws.tests.TestLoginPage@36fc695d]" started-at="2024-02-25T23:33:50 MST" name="testHomePageTitle" finished-at="2024-02-25T23:33:55 MST" duration-ms="4364" status="PASS">
          <reporter-output>
          </reporter-output>
        </test-method> <!-- testHomePageTitle -->
        <test-method signature="testLoginFunction()[pri:2, instance:com.ws.tests.TestLoginPage@36fc695d]" started-at="2024-02-25T23:33:55 MST" name="testLoginFunction" finished-at="2024-02-25T23:34:01 MST" duration-ms="6385" status="PASS">
          <reporter-output>
          </reporter-output>
        </test-method> <!-- testLoginFunction -->
      </class> <!-- com.ws.tests.TestLoginPage -->
    </test> <!-- Default test -->
  </suite> <!-- Default suite -->
</testng-results>
